chart/build/outputs/logs/manifest-merger-release-report.txt
-- Merging decision tree log ---
manifest
ADDED from andbts/chart/AndroidManifest.xml:2:1-13:12
INJECTED from andbts/chart/AndroidManifest.xml:2:1-13:12
INJECTED from andbts/chart/AndroidManifest.xml:2:1-13:12
INJECTED from andbts/chart/AndroidManifest.xml:2:1-13:12
INJECTED from andbts/chart/AndroidManifest.xml:2:1-13:12
INJECTED from andbts/chart/AndroidManifest.xml:2:1-13:12
INJECTED from andbts/chart/AndroidManifest.xml:2:1-13:12
	package
		ADDED from andbts/chart/AndroidManifest.xml:2:11-49
		INJECTED from andbts/chart/AndroidManifest.xml
		INJECTED from andbts/chart/AndroidManifest.xml
	android:versionName
		INJECTED from andbts/chart/AndroidManifest.xml
		ADDED from andbts/chart/AndroidManifest.xml:2:1-13:12
		INJECTED from andbts/chart/AndroidManifest.xml
	android:versionCode
		INJECTED from andbts/chart/AndroidManifest.xml
		ADDED from andbts/chart/AndroidManifest.xml:2:1-13:12
		INJECTED from andbts/chart/AndroidManifest.xml
uses-sdk
INJECTED from andbts/chart/AndroidManifest.xml reason: use-sdk injection requested
INJECTED from andbts/chart/AndroidManifest.xml
INJECTED from andbts/chart/AndroidManifest.xml
INJECTED from andbts/chart/AndroidManifest.xml
INJECTED from andbts/chart/AndroidManifest.xml
	android:targetSdkVersion
		INJECTED from andbts/chart/AndroidManifest.xml
		ADDED from andbts/chart/AndroidManifest.xml
		INJECTED from andbts/chart/AndroidManifest.xml
	android:minSdkVersion
		INJECTED from andbts/chart/AndroidManifest.xml
		ADDED from andbts/chart/AndroidManifest.xml
		INJECTED from andbts/chart/AndroidManifest.xml